C:\USERS\B029735\NOBACKUPDATA\12_MONTHLY_PROCESS\PROD_CCG_V2.1_27032013\PRICER_DLL_EXECUTABLE\RELEASE\PRICER_DLL_EXECUTABLE.OBJ
C:\USERS\B029735\NOBACKUPDATA\12_MONTHLY_PROCESS\PROD_CCG_V2.1_27032013\PRICER_DLL_EXECUTABLE\RELEASE\VC110.PDB
C:\USERS\B029735\NOBACKUPDATA\12_MONTHLY_PROCESS\PROD_CCG_V2.1_27032013\RELEASE\PRICER_DLL_EXECUTABLE.EXE
C:\USERS\B029735\NOBACKUPDATA\12_MONTHLY_PROCESS\PROD_CCG_V2.1_27032013\RELEASE\PRICER_DLL_EXECUTABLE.PDB
C:\Users\b029735\NoBackupData\12_MONTHLY_PROCESS\PROD_CCG_V2.1_27032013\PRICER_DLL_EXECUTABLE\Release\Pricer_DLL_executable.obj
C:\Users\b029735\NoBackupData\12_MONTHLY_PROCESS\PROD_CCG_V2.1_27032013\PRICER_DLL_EXECUTABLE\Release\cl.command.1.tlog
C:\Users\b029735\NoBackupData\12_MONTHLY_PROCESS\PROD_CCG_V2.1_27032013\PRICER_DLL_EXECUTABLE\Release\CL.read.1.tlog
C:\Users\b029735\NoBackupData\12_MONTHLY_PROCESS\PROD_CCG_V2.1_27032013\PRICER_DLL_EXECUTABLE\Release\CL.write.1.tlog
C:\Users\b029735\NoBackupData\12_MONTHLY_PROCESS\PROD_CCG_V2.1_27032013\PRICER_DLL_EXECUTABLE\Release\link-cvtres.read.1.tlog
C:\Users\b029735\NoBackupData\12_MONTHLY_PROCESS\PROD_CCG_V2.1_27032013\PRICER_DLL_EXECUTABLE\Release\link-cvtres.write.1.tlog
C:\Users\b029735\NoBackupData\12_MONTHLY_PROCESS\PROD_CCG_V2.1_27032013\PRICER_DLL_EXECUTABLE\Release\link-mt.read.1.tlog
C:\Users\b029735\NoBackupData\12_MONTHLY_PROCESS\PROD_CCG_V2.1_27032013\PRICER_DLL_EXECUTABLE\Release\link-mt.write.1.tlog
C:\Users\b029735\NoBackupData\12_MONTHLY_PROCESS\PROD_CCG_V2.1_27032013\PRICER_DLL_EXECUTABLE\Release\link-rc.read.1.tlog
C:\Users\b029735\NoBackupData\12_MONTHLY_PROCESS\PROD_CCG_V2.1_27032013\PRICER_DLL_EXECUTABLE\Release\link-rc.write.1.tlog
C:\Users\b029735\NoBackupData\12_MONTHLY_PROCESS\PROD_CCG_V2.1_27032013\PRICER_DLL_EXECUTABLE\Release\link.command.1.tlog
C:\Users\b029735\NoBackupData\12_MONTHLY_PROCESS\PROD_CCG_V2.1_27032013\PRICER_DLL_EXECUTABLE\Release\link.read.1.tlog
C:\Users\b029735\NoBackupData\12_MONTHLY_PROCESS\PROD_CCG_V2.1_27032013\PRICER_DLL_EXECUTABLE\Release\link.write.1.tlog
C:\Users\b029735\NoBackupData\12_MONTHLY_PROCESS\PROD_CCG_V2.1_27032013\PRICER_DLL_EXECUTABLE\Release\vc110.pdb
C:\Users\b029735\NoBackupData\12_MONTHLY_PROCESS\PROD_CCG_V2.1_27032013\Release\PRICER_DLL_EXECUTABLE.pdb
C:\Users\b029735\NoBackupData\12_MONTHLY_PROCESS\PROD_CCG_V2.1_27032013\Release\PRICER_DLL_EXECUTABLE.exe
