C:\USERS\B033217\NOBACKUPDATA\BG_WORKSPACE\PROD_CCG_V2.1_27032013\SCENARIOGENERATOR(V2)\DEBUG\SHORT RATE MODEL.OBJ
C:\USERS\B033217\NOBACKUPDATA\BG_WORKSPACE\PROD_CCG_V2.1_27032013\SCENARIOGENERATOR(V2)\DEBUG\EQUITY MODEL.OBJ
C:\USERS\B033217\NOBACKUPDATA\BG_WORKSPACE\PROD_CCG_V2.1_27032013\SCENARIOGENERATOR(V2)\DEBUG\TOOLS.OBJ
C:\USERS\B033217\NOBACKUPDATA\BG_WORKSPACE\PROD_CCG_V2.1_27032013\SCENARIOGENERATOR(V2)\DEBUG\MERSENNE_TWISTER.OBJ
C:\USERS\B033217\NOBACKUPDATA\BG_WORKSPACE\PROD_CCG_V2.1_27032013\SCENARIOGENERATOR(V2)\DEBUG\VARIANCE REDUCTION.OBJ
C:\USERS\B033217\NOBACKUPDATA\BG_WORKSPACE\PROD_CCG_V2.1_27032013\SCENARIOGENERATOR(V2)\DEBUG\GENERATOR.OBJ
C:\USERS\B033217\NOBACKUPDATA\BG_WORKSPACE\PROD_CCG_V2.1_27032013\SCENARIOGENERATOR(V2)\DEBUG\SCENARIO.OBJ
C:\USERS\B033217\NOBACKUPDATA\BG_WORKSPACE\PROD_CCG_V2.1_27032013\SCENARIOGENERATOR(V2)\DEBUG\INTERFACEESG.OBJ
C:\USERS\B033217\NOBACKUPDATA\BG_WORKSPACE\PROD_CCG_V2.1_27032013\SCENARIOGENERATOR(V2)\DEBUG\VC110.PDB
C:\USERS\B033217\NOBACKUPDATA\BG_WORKSPACE\PROD_CCG_V2.1_27032013\DEBUG\SCENARIOGENERATOR(V2).LIB
C:\Users\b033217\NoBackupData\BG_WORKSPACE\PROD_CCG_V2.1_27032013\ScenarioGenerator(v2)\Debug\Equity model.obj
C:\Users\b033217\NoBackupData\BG_WORKSPACE\PROD_CCG_V2.1_27032013\ScenarioGenerator(v2)\Debug\Generator.obj
C:\Users\b033217\NoBackupData\BG_WORKSPACE\PROD_CCG_V2.1_27032013\ScenarioGenerator(v2)\Debug\InterfaceEsg.obj
C:\Users\b033217\NoBackupData\BG_WORKSPACE\PROD_CCG_V2.1_27032013\ScenarioGenerator(v2)\Debug\Mersenne_Twister.obj
C:\Users\b033217\NoBackupData\BG_WORKSPACE\PROD_CCG_V2.1_27032013\ScenarioGenerator(v2)\Debug\Scenario.obj
C:\Users\b033217\NoBackupData\BG_WORKSPACE\PROD_CCG_V2.1_27032013\ScenarioGenerator(v2)\Debug\short rate model.obj
C:\Users\b033217\NoBackupData\BG_WORKSPACE\PROD_CCG_V2.1_27032013\ScenarioGenerator(v2)\Debug\tools.obj
C:\Users\b033217\NoBackupData\BG_WORKSPACE\PROD_CCG_V2.1_27032013\ScenarioGenerator(v2)\Debug\Variance Reduction.obj
C:\Users\b033217\NoBackupData\BG_WORKSPACE\PROD_CCG_V2.1_27032013\ScenarioGenerator(v2)\Debug\cl.command.1.tlog
C:\Users\b033217\NoBackupData\BG_WORKSPACE\PROD_CCG_V2.1_27032013\ScenarioGenerator(v2)\Debug\CL.read.1.tlog
C:\Users\b033217\NoBackupData\BG_WORKSPACE\PROD_CCG_V2.1_27032013\ScenarioGenerator(v2)\Debug\CL.write.1.tlog
C:\Users\b033217\NoBackupData\BG_WORKSPACE\PROD_CCG_V2.1_27032013\ScenarioGenerator(v2)\Debug\Lib-link.read.1.tlog
C:\Users\b033217\NoBackupData\BG_WORKSPACE\PROD_CCG_V2.1_27032013\ScenarioGenerator(v2)\Debug\Lib-link.write.1.tlog
C:\Users\b033217\NoBackupData\BG_WORKSPACE\PROD_CCG_V2.1_27032013\ScenarioGenerator(v2)\Debug\lib.command.1.tlog
C:\Users\b033217\NoBackupData\BG_WORKSPACE\PROD_CCG_V2.1_27032013\ScenarioGenerator(v2)\Debug\vc110.pdb
C:\Users\b033217\NoBackupData\BG_WORKSPACE\PROD_CCG_V2.1_27032013\Debug\ScenarioGenerator(v2).lib
