Build started 28.09.2015 11:08:51.
     1>Project "C:\Users\b029735\NoBackupData\25_PROJECT_2015\MERGE_NEW_ESG_CODE\PROD_CCG_V2.1_27032013\Calibration\Calibration.vcxproj" on node 2 (Build target(s)).
     1>ClCompile:
         C:\Program Files\Microsoft Visual Studio 11.0\VC\bin\CL.exe /c /IC:\Users\b029735\NoBackupData\25_PROJECT_2015\MERGE_NEW_ESG_CODE\PROD_CCG_V2.1_27032013\AHS_PARSER\ /Zi /nologo /W3 /WX- /Od /Oi /Oy- /GL /D WIN32 /D NDEBUG /D _WINDOWS /D _USRDLL /D AHS_CALIBRATION_EXPORTS /D _UNICODE /D UNICODE /Gm- /EHsc /MTd /GS /Gy /fp:precise /Zc:wchar_t /Zc:forScope /Fo"Debug\\" /Fd"Debug\vc110.pdb" /Gd /TP /analyze- /errorReport:prompt Calibration.cpp CalibSwapMarket.cpp G1analytics.cpp InterfaceCalibration.cpp Interpolation.cpp LMnumerics.cpp Matrice.cpp ProbaUtilities.cpp
         Calibration.cpp
         CalibSwapMarket.cpp
         G1analytics.cpp
         InterfaceCalibration.cpp
         Interpolation.cpp
         LMnumerics.cpp
         Matrice.cpp
         ProbaUtilities.cpp
       Lib:
         C:\Program Files\Microsoft Visual Studio 11.0\VC\bin\Lib.exe /OUT:"C:\Users\b029735\NoBackupData\25_PROJECT_2015\MERGE_NEW_ESG_CODE\PROD_CCG_V2.1_27032013\Debug\Calibration(dll).lib" /NOLOGO Debug\Calibration.obj
         Debug\CalibSwapMarket.obj
         Debug\G1analytics.obj
         Debug\InterfaceCalibration.obj
         Debug\Interpolation.obj
         Debug\LMnumerics.obj
         Debug\Matrice.obj
         Debug\ProbaUtilities.obj
         ProbaUtilities.obj : MSIL .netmodule or module compiled with /GL found; restarting link with /LTCG; add /LTCG to the link command line to improve linker performance
         Calibration.vcxproj -> C:\Users\b029735\NoBackupData\25_PROJECT_2015\MERGE_NEW_ESG_CODE\PROD_CCG_V2.1_27032013\Debug\Calibration(dll).lib
     1>Done Building Project "C:\Users\b029735\NoBackupData\25_PROJECT_2015\MERGE_NEW_ESG_CODE\PROD_CCG_V2.1_27032013\Calibration\Calibration.vcxproj" (Build target(s)).

Build succeeded.

Time Elapsed 00:00:07.06
