C:\USERS\B033217\NOBACKUPDATA\BG_WORKSPACE\PROD_CCG_V2.1_27032013\CALIBRATION\DEBUG\PROBAUTILITIES.OBJ
C:\USERS\B033217\NOBACKUPDATA\BG_WORKSPACE\PROD_CCG_V2.1_27032013\CALIBRATION\DEBUG\MATRICE.OBJ
C:\USERS\B033217\NOBACKUPDATA\BG_WORKSPACE\PROD_CCG_V2.1_27032013\CALIBRATION\DEBUG\LMNUMERICS.OBJ
C:\USERS\B033217\NOBACKUPDATA\BG_WORKSPACE\PROD_CCG_V2.1_27032013\CALIBRATION\DEBUG\INTERPOLATION.OBJ
C:\USERS\B033217\NOBACKUPDATA\BG_WORKSPACE\PROD_CCG_V2.1_27032013\CALIBRATION\DEBUG\INTERFACECALIBRATION.OBJ
C:\USERS\B033217\NOBACKUPDATA\BG_WORKSPACE\PROD_CCG_V2.1_27032013\CALIBRATION\DEBUG\G1ANALYTICS.OBJ
C:\USERS\B033217\NOBACKUPDATA\BG_WORKSPACE\PROD_CCG_V2.1_27032013\CALIBRATION\DEBUG\CALIBSWAPMARKET.OBJ
C:\USERS\B033217\NOBACKUPDATA\BG_WORKSPACE\PROD_CCG_V2.1_27032013\CALIBRATION\DEBUG\CALIBRATION.OBJ
C:\USERS\B033217\NOBACKUPDATA\BG_WORKSPACE\PROD_CCG_V2.1_27032013\CALIBRATION\DEBUG\VC110.PDB
C:\USERS\B033217\NOBACKUPDATA\BG_WORKSPACE\PROD_CCG_V2.1_27032013\DEBUG\CALIBRATION(DLL).LIB
C:\Users\b033217\NoBackupData\BG_WORKSPACE\PROD_CCG_V2.1_27032013\Calibration\Debug\Calibration.obj
C:\Users\b033217\NoBackupData\BG_WORKSPACE\PROD_CCG_V2.1_27032013\Calibration\Debug\CalibSwapMarket.obj
C:\Users\b033217\NoBackupData\BG_WORKSPACE\PROD_CCG_V2.1_27032013\Calibration\Debug\G1analytics.obj
C:\Users\b033217\NoBackupData\BG_WORKSPACE\PROD_CCG_V2.1_27032013\Calibration\Debug\InterfaceCalibration.obj
C:\Users\b033217\NoBackupData\BG_WORKSPACE\PROD_CCG_V2.1_27032013\Calibration\Debug\Interpolation.obj
C:\Users\b033217\NoBackupData\BG_WORKSPACE\PROD_CCG_V2.1_27032013\Calibration\Debug\LMnumerics.obj
C:\Users\b033217\NoBackupData\BG_WORKSPACE\PROD_CCG_V2.1_27032013\Calibration\Debug\Matrice.obj
C:\Users\b033217\NoBackupData\BG_WORKSPACE\PROD_CCG_V2.1_27032013\Calibration\Debug\ProbaUtilities.obj
C:\Users\b033217\NoBackupData\BG_WORKSPACE\PROD_CCG_V2.1_27032013\Calibration\Debug\cl.command.1.tlog
C:\Users\b033217\NoBackupData\BG_WORKSPACE\PROD_CCG_V2.1_27032013\Calibration\Debug\CL.read.1.tlog
C:\Users\b033217\NoBackupData\BG_WORKSPACE\PROD_CCG_V2.1_27032013\Calibration\Debug\CL.write.1.tlog
C:\Users\b033217\NoBackupData\BG_WORKSPACE\PROD_CCG_V2.1_27032013\Calibration\Debug\Lib-link.9476.read.1.tlog
C:\Users\b033217\NoBackupData\BG_WORKSPACE\PROD_CCG_V2.1_27032013\Calibration\Debug\Lib-link.9476.write.1.tlog
C:\Users\b033217\NoBackupData\BG_WORKSPACE\PROD_CCG_V2.1_27032013\Calibration\Debug\Lib-link.read.1.tlog
C:\Users\b033217\NoBackupData\BG_WORKSPACE\PROD_CCG_V2.1_27032013\Calibration\Debug\Lib-link.write.1.tlog
C:\Users\b033217\NoBackupData\BG_WORKSPACE\PROD_CCG_V2.1_27032013\Calibration\Debug\lib.command.1.tlog
C:\Users\b033217\NoBackupData\BG_WORKSPACE\PROD_CCG_V2.1_27032013\Calibration\Debug\vc110.pdb
C:\Users\b033217\NoBackupData\BG_WORKSPACE\PROD_CCG_V2.1_27032013\Debug\Calibration(dll).lib
