C:\USERS\B029735\NOBACKUPDATA\12_MONTHLY_PROCESS\PROD_CCG_V2.1_27032013\HE_ASSET\RELEASE\MAIN.OBJ
C:\USERS\B029735\NOBACKUPDATA\12_MONTHLY_PROCESS\PROD_CCG_V2.1_27032013\HE_ASSET\RELEASE\ASSUMPTIONS.OBJ
C:\USERS\B029735\NOBACKUPDATA\12_MONTHLY_PROCESS\PROD_CCG_V2.1_27032013\HE_ASSET\RELEASE\PORTFOLIO.OBJ
C:\USERS\B029735\NOBACKUPDATA\12_MONTHLY_PROCESS\PROD_CCG_V2.1_27032013\HE_ASSET\RELEASE\MATHTOOLS.OBJ
C:\USERS\B029735\NOBACKUPDATA\12_MONTHLY_PROCESS\PROD_CCG_V2.1_27032013\HE_ASSET\RELEASE\BANDMATRIX.OBJ
C:\USERS\B029735\NOBACKUPDATA\12_MONTHLY_PROCESS\PROD_CCG_V2.1_27032013\HE_ASSET\RELEASE\SWAPRATE.OBJ
C:\USERS\B029735\NOBACKUPDATA\12_MONTHLY_PROCESS\PROD_CCG_V2.1_27032013\HE_ASSET\RELEASE\OPTIONPUT.OBJ
C:\USERS\B029735\NOBACKUPDATA\12_MONTHLY_PROCESS\PROD_CCG_V2.1_27032013\HE_ASSET\RELEASE\FUTURE.OBJ
C:\USERS\B029735\NOBACKUPDATA\12_MONTHLY_PROCESS\PROD_CCG_V2.1_27032013\HE_ASSET\RELEASE\SWAP.OBJ
C:\USERS\B029735\NOBACKUPDATA\12_MONTHLY_PROCESS\PROD_CCG_V2.1_27032013\HE_ASSET\RELEASE\VC110.PDB
C:\USERS\B029735\NOBACKUPDATA\12_MONTHLY_PROCESS\PROD_CCG_V2.1_27032013\RELEASE\HE_ASSET.LIB
C:\Users\b029735\NoBackupData\12_MONTHLY_PROCESS\PROD_CCG_V2.1_27032013\HE_Asset\Release\Assumptions.obj
C:\Users\b029735\NoBackupData\12_MONTHLY_PROCESS\PROD_CCG_V2.1_27032013\HE_Asset\Release\BandMatrix.obj
C:\Users\b029735\NoBackupData\12_MONTHLY_PROCESS\PROD_CCG_V2.1_27032013\HE_Asset\Release\Future.obj
C:\Users\b029735\NoBackupData\12_MONTHLY_PROCESS\PROD_CCG_V2.1_27032013\HE_Asset\Release\main.obj
C:\Users\b029735\NoBackupData\12_MONTHLY_PROCESS\PROD_CCG_V2.1_27032013\HE_Asset\Release\MathTools.obj
C:\Users\b029735\NoBackupData\12_MONTHLY_PROCESS\PROD_CCG_V2.1_27032013\HE_Asset\Release\OptionPut.obj
C:\Users\b029735\NoBackupData\12_MONTHLY_PROCESS\PROD_CCG_V2.1_27032013\HE_Asset\Release\Portfolio.obj
C:\Users\b029735\NoBackupData\12_MONTHLY_PROCESS\PROD_CCG_V2.1_27032013\HE_Asset\Release\Swap.obj
C:\Users\b029735\NoBackupData\12_MONTHLY_PROCESS\PROD_CCG_V2.1_27032013\HE_Asset\Release\SwapRate.obj
C:\Users\b029735\NoBackupData\12_MONTHLY_PROCESS\PROD_CCG_V2.1_27032013\HE_Asset\Release\cl.command.1.tlog
C:\Users\b029735\NoBackupData\12_MONTHLY_PROCESS\PROD_CCG_V2.1_27032013\HE_Asset\Release\CL.read.1.tlog
C:\Users\b029735\NoBackupData\12_MONTHLY_PROCESS\PROD_CCG_V2.1_27032013\HE_Asset\Release\CL.write.1.tlog
C:\Users\b029735\NoBackupData\12_MONTHLY_PROCESS\PROD_CCG_V2.1_27032013\HE_Asset\Release\Lib-link.read.1.tlog
C:\Users\b029735\NoBackupData\12_MONTHLY_PROCESS\PROD_CCG_V2.1_27032013\HE_Asset\Release\Lib-link.write.1.tlog
C:\Users\b029735\NoBackupData\12_MONTHLY_PROCESS\PROD_CCG_V2.1_27032013\HE_Asset\Release\lib.command.1.tlog
C:\Users\b029735\NoBackupData\12_MONTHLY_PROCESS\PROD_CCG_V2.1_27032013\HE_Asset\Release\vc110.pdb
C:\Users\b029735\NoBackupData\12_MONTHLY_PROCESS\PROD_CCG_V2.1_27032013\Release\HE_Asset.lib
