Build started 28.09.2015 11:04:19.
     1>Project "C:\Users\b029735\NoBackupData\25_PROJECT_2015\MERGE_NEW_ESG_CODE\PROD_CCG_V2.1_27032013\AHS_PARSER\AHS_PARSER.vcxproj" on node 2 (Build target(s)).
     1>ClCompile:
         C:\Program Files\Microsoft Visual Studio 11.0\VC\bin\CL.exe /c /Zi /nologo /W4 /WX- /O2 /Oi /Oy- /GL /D WIN32 /D NDEBUG /D _LIB /D _UNICODE /D UNICODE /Gm- /EHsc /MT /GS /Gy /fp:precise /Zc:wchar_t /Zc:forScope /Fo"Release\\" /Fd"Release\vc110.pdb" /Gd /TP /analyze- /errorReport:prompt GMXB_Assumption_Table.cpp GMXBExcelXMLReader.cpp GMXBException.cpp GMXBParameters.cpp tinystr.cpp tinyxml.cpp tinyxmlerror.cpp tinyxmlparser.cpp
         GMXB_Assumption_Table.cpp
         GMXBExcelXMLReader.cpp
         GMXBException.cpp
         GMXBParameters.cpp
         tinystr.cpp
         tinyxml.cpp
     1>tinyxml.cpp(48): warning C4996: 'fopen': This function or variable may be unsafe. Consider using fopen_s instead. To disable deprecation, use _CRT_SECURE_NO_WARNINGS. See online help for details.
                 C:\Program Files\Microsoft Visual Studio 11.0\VC\include\stdio.h(218) : see declaration of 'fopen'
         tinyxmlerror.cpp
         tinyxmlparser.cpp
       Lib:
         C:\Program Files\Microsoft Visual Studio 11.0\VC\bin\Lib.exe /OUT:"C:\Users\b029735\NoBackupData\25_PROJECT_2015\MERGE_NEW_ESG_CODE\PROD_CCG_V2.1_27032013\Release\AHS_PARSER.lib" /NOLOGO /LTCG Release\GMXB_Assumption_Table.obj
         Release\GMXBExcelXMLReader.obj
         Release\GMXBException.obj
         Release\GMXBParameters.obj
         Release\tinystr.obj
         Release\tinyxml.obj
         Release\tinyxmlerror.obj
         Release\tinyxmlparser.obj
         AHS_PARSER.vcxproj -> C:\Users\b029735\NoBackupData\25_PROJECT_2015\MERGE_NEW_ESG_CODE\PROD_CCG_V2.1_27032013\Release\AHS_PARSER.lib
     1>Done Building Project "C:\Users\b029735\NoBackupData\25_PROJECT_2015\MERGE_NEW_ESG_CODE\PROD_CCG_V2.1_27032013\AHS_PARSER\AHS_PARSER.vcxproj" (Build target(s)).

Build succeeded.

Time Elapsed 00:00:06.70
