C:\USERS\B029735\NOBACKUPDATA\12_MONTHLY_PROCESS\PROD_CCG_V2.1_27032013\PRICER_GMXB_DLL\RELEASE\FUND_MANAGER.OBJ
C:\USERS\B029735\NOBACKUPDATA\12_MONTHLY_PROCESS\PROD_CCG_V2.1_27032013\PRICER_GMXB_DLL\RELEASE\STDAFX.OBJ
C:\USERS\B029735\NOBACKUPDATA\12_MONTHLY_PROCESS\PROD_CCG_V2.1_27032013\PRICER_GMXB_DLL\RELEASE\INTERFACE_DLL.OBJ
C:\USERS\B029735\NOBACKUPDATA\12_MONTHLY_PROCESS\PROD_CCG_V2.1_27032013\PRICER_GMXB_DLL\RELEASE\VC110.PDB
C:\USERS\B029735\NOBACKUPDATA\12_MONTHLY_PROCESS\PROD_CCG_V2.1_27032013\RELEASE\PRICER_GMXB_DLL.DLL
C:\USERS\B029735\NOBACKUPDATA\12_MONTHLY_PROCESS\PROD_CCG_V2.1_27032013\RELEASE\PRICER_GMXB_DLL.PDB
C:\Users\b029735\NoBackupData\12_MONTHLY_PROCESS\PROD_CCG_V2.1_27032013\Release\PRICER_GMXB_DLL.lib
C:\Users\b029735\NoBackupData\12_MONTHLY_PROCESS\PROD_CCG_V2.1_27032013\Release\PRICER_GMXB_DLL.exp
C:\Users\b029735\NoBackupData\12_MONTHLY_PROCESS\PROD_CCG_V2.1_27032013\PRICER_GMXB_DLL\Release\Fund_Manager.obj
C:\Users\b029735\NoBackupData\12_MONTHLY_PROCESS\PROD_CCG_V2.1_27032013\PRICER_GMXB_DLL\Release\Interface_dll.obj
C:\Users\b029735\NoBackupData\12_MONTHLY_PROCESS\PROD_CCG_V2.1_27032013\PRICER_GMXB_DLL\Release\stdafx.obj
C:\Users\b029735\NoBackupData\12_MONTHLY_PROCESS\PROD_CCG_V2.1_27032013\PRICER_GMXB_DLL\Release\cl.command.1.tlog
C:\Users\b029735\NoBackupData\12_MONTHLY_PROCESS\PROD_CCG_V2.1_27032013\PRICER_GMXB_DLL\Release\CL.read.1.tlog
C:\Users\b029735\NoBackupData\12_MONTHLY_PROCESS\PROD_CCG_V2.1_27032013\PRICER_GMXB_DLL\Release\CL.write.1.tlog
C:\Users\b029735\NoBackupData\12_MONTHLY_PROCESS\PROD_CCG_V2.1_27032013\PRICER_GMXB_DLL\Release\link-cvtres.read.1.tlog
C:\Users\b029735\NoBackupData\12_MONTHLY_PROCESS\PROD_CCG_V2.1_27032013\PRICER_GMXB_DLL\Release\link-cvtres.write.1.tlog
C:\Users\b029735\NoBackupData\12_MONTHLY_PROCESS\PROD_CCG_V2.1_27032013\PRICER_GMXB_DLL\Release\link-mt.read.1.tlog
C:\Users\b029735\NoBackupData\12_MONTHLY_PROCESS\PROD_CCG_V2.1_27032013\PRICER_GMXB_DLL\Release\link-mt.write.1.tlog
C:\Users\b029735\NoBackupData\12_MONTHLY_PROCESS\PROD_CCG_V2.1_27032013\PRICER_GMXB_DLL\Release\link-rc.read.1.tlog
C:\Users\b029735\NoBackupData\12_MONTHLY_PROCESS\PROD_CCG_V2.1_27032013\PRICER_GMXB_DLL\Release\link-rc.write.1.tlog
C:\Users\b029735\NoBackupData\12_MONTHLY_PROCESS\PROD_CCG_V2.1_27032013\PRICER_GMXB_DLL\Release\link.command.1.tlog
C:\Users\b029735\NoBackupData\12_MONTHLY_PROCESS\PROD_CCG_V2.1_27032013\PRICER_GMXB_DLL\Release\link.read.1.tlog
C:\Users\b029735\NoBackupData\12_MONTHLY_PROCESS\PROD_CCG_V2.1_27032013\PRICER_GMXB_DLL\Release\link.read.3.tlog
C:\Users\b029735\NoBackupData\12_MONTHLY_PROCESS\PROD_CCG_V2.1_27032013\PRICER_GMXB_DLL\Release\link.write.1.tlog
C:\Users\b029735\NoBackupData\12_MONTHLY_PROCESS\PROD_CCG_V2.1_27032013\PRICER_GMXB_DLL\Release\PRICER_GMXB_DLL.write.1.tlog
C:\Users\b029735\NoBackupData\12_MONTHLY_PROCESS\PROD_CCG_V2.1_27032013\PRICER_GMXB_DLL\Release\vc110.pdb
C:\Users\b029735\NoBackupData\12_MONTHLY_PROCESS\PROD_CCG_V2.1_27032013\Release\PRICER_GMXB_DLL.pdb
C:\Users\b029735\NoBackupData\12_MONTHLY_PROCESS\PROD_CCG_V2.1_27032013\Release\PRICER_GMXB_DLL.dll
