C:\USERS\B033217\NOBACKUPDATA\BG_WORKSPACE\PROD_CCG_V2.1_27032013\PRICER_GMXB_DLL\DEBUG\FUND_MANAGER.OBJ
C:\USERS\B033217\NOBACKUPDATA\BG_WORKSPACE\PROD_CCG_V2.1_27032013\PRICER_GMXB_DLL\DEBUG\STDAFX.OBJ
C:\USERS\B033217\NOBACKUPDATA\BG_WORKSPACE\PROD_CCG_V2.1_27032013\PRICER_GMXB_DLL\DEBUG\INTERFACE_DLL.OBJ
C:\USERS\B033217\NOBACKUPDATA\BG_WORKSPACE\PROD_CCG_V2.1_27032013\PRICER_GMXB_DLL\DEBUG\VC110.PDB
C:\USERS\B033217\NOBACKUPDATA\BG_WORKSPACE\PROD_CCG_V2.1_27032013\DEBUG\PRICER_GMXB_DLL.ILK
C:\USERS\B033217\NOBACKUPDATA\BG_WORKSPACE\PROD_CCG_V2.1_27032013\DEBUG\PRICER_GMXB_DLL.DLL
C:\USERS\B033217\NOBACKUPDATA\BG_WORKSPACE\PROD_CCG_V2.1_27032013\DEBUG\PRICER_GMXB_DLL.PDB
C:\Users\b033217\NoBackupData\BG_WORKSPACE\PROD_CCG_V2.1_27032013\Debug\PRICER_GMXB_DLL.lib
C:\Users\b033217\NoBackupData\BG_WORKSPACE\PROD_CCG_V2.1_27032013\Debug\PRICER_GMXB_DLL.exp
C:\Users\b033217\NoBackupData\BG_WORKSPACE\PROD_CCG_V2.1_27032013\PRICER_GMXB_DLL\Debug\Fund_Manager.obj
C:\Users\b033217\NoBackupData\BG_WORKSPACE\PROD_CCG_V2.1_27032013\PRICER_GMXB_DLL\Debug\Interface_dll.obj
C:\Users\b033217\NoBackupData\BG_WORKSPACE\PROD_CCG_V2.1_27032013\PRICER_GMXB_DLL\Debug\stdafx.obj
C:\Users\b033217\NoBackupData\BG_WORKSPACE\PROD_CCG_V2.1_27032013\PRICER_GMXB_DLL\Debug\cl.command.1.tlog
C:\Users\b033217\NoBackupData\BG_WORKSPACE\PROD_CCG_V2.1_27032013\PRICER_GMXB_DLL\Debug\CL.read.1.tlog
C:\Users\b033217\NoBackupData\BG_WORKSPACE\PROD_CCG_V2.1_27032013\PRICER_GMXB_DLL\Debug\CL.write.1.tlog
C:\Users\b033217\NoBackupData\BG_WORKSPACE\PROD_CCG_V2.1_27032013\PRICER_GMXB_DLL\Debug\link.4740-cvtres.read.1.tlog
C:\Users\b033217\NoBackupData\BG_WORKSPACE\PROD_CCG_V2.1_27032013\PRICER_GMXB_DLL\Debug\link.4740-cvtres.write.1.tlog
C:\Users\b033217\NoBackupData\BG_WORKSPACE\PROD_CCG_V2.1_27032013\PRICER_GMXB_DLL\Debug\link.4740-mt.read.1.tlog
C:\Users\b033217\NoBackupData\BG_WORKSPACE\PROD_CCG_V2.1_27032013\PRICER_GMXB_DLL\Debug\link.4740-mt.write.1.tlog
C:\Users\b033217\NoBackupData\BG_WORKSPACE\PROD_CCG_V2.1_27032013\PRICER_GMXB_DLL\Debug\link.4740-rc.read.1.tlog
C:\Users\b033217\NoBackupData\BG_WORKSPACE\PROD_CCG_V2.1_27032013\PRICER_GMXB_DLL\Debug\link.4740-rc.write.1.tlog
C:\Users\b033217\NoBackupData\BG_WORKSPACE\PROD_CCG_V2.1_27032013\PRICER_GMXB_DLL\Debug\link.4740.read.1.tlog
C:\Users\b033217\NoBackupData\BG_WORKSPACE\PROD_CCG_V2.1_27032013\PRICER_GMXB_DLL\Debug\link.4740.read.5.tlog
C:\Users\b033217\NoBackupData\BG_WORKSPACE\PROD_CCG_V2.1_27032013\PRICER_GMXB_DLL\Debug\link.4740.write.1.tlog
C:\Users\b033217\NoBackupData\BG_WORKSPACE\PROD_CCG_V2.1_27032013\PRICER_GMXB_DLL\Debug\link.command.1.tlog
C:\Users\b033217\NoBackupData\BG_WORKSPACE\PROD_CCG_V2.1_27032013\PRICER_GMXB_DLL\Debug\link.read.1.tlog
C:\Users\b033217\NoBackupData\BG_WORKSPACE\PROD_CCG_V2.1_27032013\PRICER_GMXB_DLL\Debug\link.write.1.tlog
C:\Users\b033217\NoBackupData\BG_WORKSPACE\PROD_CCG_V2.1_27032013\PRICER_GMXB_DLL\Debug\PRICER_GMXB_DLL.write.1.tlog
C:\Users\b033217\NoBackupData\BG_WORKSPACE\PROD_CCG_V2.1_27032013\PRICER_GMXB_DLL\Debug\vc110.pdb
C:\Users\b033217\NoBackupData\BG_WORKSPACE\PROD_CCG_V2.1_27032013\Debug\PRICER_GMXB_DLL.pdb
C:\Users\b033217\NoBackupData\BG_WORKSPACE\PROD_CCG_V2.1_27032013\Debug\PRICER_GMXB_DLL.dll
C:\Users\b033217\NoBackupData\BG_WORKSPACE\PROD_CCG_V2.1_27032013\Debug\PRICER_GMXB_DLL.ilk
