C:\USERS\B029735\NOBACKUPDATA\12_MONTHLY_PROCESS\PROD_CCG_V2.1_27032013\AHS_PARSER\RELEASE\TINYXMLPARSER.OBJ
C:\USERS\B029735\NOBACKUPDATA\12_MONTHLY_PROCESS\PROD_CCG_V2.1_27032013\AHS_PARSER\RELEASE\TINYXMLERROR.OBJ
C:\USERS\B029735\NOBACKUPDATA\12_MONTHLY_PROCESS\PROD_CCG_V2.1_27032013\AHS_PARSER\RELEASE\TINYXML.OBJ
C:\USERS\B029735\NOBACKUPDATA\12_MONTHLY_PROCESS\PROD_CCG_V2.1_27032013\AHS_PARSER\RELEASE\TINYSTR.OBJ
C:\USERS\B029735\NOBACKUPDATA\12_MONTHLY_PROCESS\PROD_CCG_V2.1_27032013\AHS_PARSER\RELEASE\GMXBPARAMETERS.OBJ
C:\USERS\B029735\NOBACKUPDATA\12_MONTHLY_PROCESS\PROD_CCG_V2.1_27032013\AHS_PARSER\RELEASE\GMXBEXCEPTION.OBJ
C:\USERS\B029735\NOBACKUPDATA\12_MONTHLY_PROCESS\PROD_CCG_V2.1_27032013\AHS_PARSER\RELEASE\GMXBEXCELXMLREADER.OBJ
C:\USERS\B029735\NOBACKUPDATA\12_MONTHLY_PROCESS\PROD_CCG_V2.1_27032013\AHS_PARSER\RELEASE\GMXB_ASSUMPTION_TABLE.OBJ
C:\USERS\B029735\NOBACKUPDATA\12_MONTHLY_PROCESS\PROD_CCG_V2.1_27032013\AHS_PARSER\RELEASE\VC110.PDB
C:\USERS\B029735\NOBACKUPDATA\12_MONTHLY_PROCESS\PROD_CCG_V2.1_27032013\RELEASE\AHS_PARSER.LIB
C:\Users\b029735\NoBackupData\12_MONTHLY_PROCESS\PROD_CCG_V2.1_27032013\AHS_PARSER\Release\GMXBExcelXMLReader.obj
C:\Users\b029735\NoBackupData\12_MONTHLY_PROCESS\PROD_CCG_V2.1_27032013\AHS_PARSER\Release\GMXBException.obj
C:\Users\b029735\NoBackupData\12_MONTHLY_PROCESS\PROD_CCG_V2.1_27032013\AHS_PARSER\Release\GMXBParameters.obj
C:\Users\b029735\NoBackupData\12_MONTHLY_PROCESS\PROD_CCG_V2.1_27032013\AHS_PARSER\Release\GMXB_Assumption_Table.obj
C:\Users\b029735\NoBackupData\12_MONTHLY_PROCESS\PROD_CCG_V2.1_27032013\AHS_PARSER\Release\tinystr.obj
C:\Users\b029735\NoBackupData\12_MONTHLY_PROCESS\PROD_CCG_V2.1_27032013\AHS_PARSER\Release\tinyxml.obj
C:\Users\b029735\NoBackupData\12_MONTHLY_PROCESS\PROD_CCG_V2.1_27032013\AHS_PARSER\Release\tinyxmlerror.obj
C:\Users\b029735\NoBackupData\12_MONTHLY_PROCESS\PROD_CCG_V2.1_27032013\AHS_PARSER\Release\tinyxmlparser.obj
C:\Users\b029735\NoBackupData\12_MONTHLY_PROCESS\PROD_CCG_V2.1_27032013\AHS_PARSER\Release\cl.command.1.tlog
C:\Users\b029735\NoBackupData\12_MONTHLY_PROCESS\PROD_CCG_V2.1_27032013\AHS_PARSER\Release\CL.read.1.tlog
C:\Users\b029735\NoBackupData\12_MONTHLY_PROCESS\PROD_CCG_V2.1_27032013\AHS_PARSER\Release\CL.write.1.tlog
C:\Users\b029735\NoBackupData\12_MONTHLY_PROCESS\PROD_CCG_V2.1_27032013\AHS_PARSER\Release\Lib-link.read.1.tlog
C:\Users\b029735\NoBackupData\12_MONTHLY_PROCESS\PROD_CCG_V2.1_27032013\AHS_PARSER\Release\Lib-link.write.1.tlog
C:\Users\b029735\NoBackupData\12_MONTHLY_PROCESS\PROD_CCG_V2.1_27032013\AHS_PARSER\Release\lib.command.1.tlog
C:\Users\b029735\NoBackupData\12_MONTHLY_PROCESS\PROD_CCG_V2.1_27032013\AHS_PARSER\Release\vc110.pdb
C:\Users\b029735\NoBackupData\12_MONTHLY_PROCESS\PROD_CCG_V2.1_27032013\Release\AHS_PARSER.lib
