C:\USERS\B033217\NOBACKUPDATA\BG_WORKSPACE\PROD_CCG_V2.1_27032013\HE_ASSET\DEBUG\SWAP.OBJ
C:\USERS\B033217\NOBACKUPDATA\BG_WORKSPACE\PROD_CCG_V2.1_27032013\HE_ASSET\DEBUG\FUTURE.OBJ
C:\USERS\B033217\NOBACKUPDATA\BG_WORKSPACE\PROD_CCG_V2.1_27032013\HE_ASSET\DEBUG\OPTIONPUT.OBJ
C:\USERS\B033217\NOBACKUPDATA\BG_WORKSPACE\PROD_CCG_V2.1_27032013\HE_ASSET\DEBUG\SWAPRATE.OBJ
C:\USERS\B033217\NOBACKUPDATA\BG_WORKSPACE\PROD_CCG_V2.1_27032013\HE_ASSET\DEBUG\BANDMATRIX.OBJ
C:\USERS\B033217\NOBACKUPDATA\BG_WORKSPACE\PROD_CCG_V2.1_27032013\HE_ASSET\DEBUG\MATHTOOLS.OBJ
C:\USERS\B033217\NOBACKUPDATA\BG_WORKSPACE\PROD_CCG_V2.1_27032013\HE_ASSET\DEBUG\PORTFOLIO.OBJ
C:\USERS\B033217\NOBACKUPDATA\BG_WORKSPACE\PROD_CCG_V2.1_27032013\HE_ASSET\DEBUG\ASSUMPTIONS.OBJ
C:\USERS\B033217\NOBACKUPDATA\BG_WORKSPACE\PROD_CCG_V2.1_27032013\HE_ASSET\DEBUG\MAIN.OBJ
C:\USERS\B033217\NOBACKUPDATA\BG_WORKSPACE\PROD_CCG_V2.1_27032013\HE_ASSET\DEBUG\VC110.PDB
C:\USERS\B033217\NOBACKUPDATA\BG_WORKSPACE\PROD_CCG_V2.1_27032013\DEBUG\HE_ASSET.LIB
C:\Users\b033217\NoBackupData\BG_WORKSPACE\PROD_CCG_V2.1_27032013\HE_Asset\Debug\Assumptions.obj
C:\Users\b033217\NoBackupData\BG_WORKSPACE\PROD_CCG_V2.1_27032013\HE_Asset\Debug\BandMatrix.obj
C:\Users\b033217\NoBackupData\BG_WORKSPACE\PROD_CCG_V2.1_27032013\HE_Asset\Debug\Future.obj
C:\Users\b033217\NoBackupData\BG_WORKSPACE\PROD_CCG_V2.1_27032013\HE_Asset\Debug\main.obj
C:\Users\b033217\NoBackupData\BG_WORKSPACE\PROD_CCG_V2.1_27032013\HE_Asset\Debug\MathTools.obj
C:\Users\b033217\NoBackupData\BG_WORKSPACE\PROD_CCG_V2.1_27032013\HE_Asset\Debug\OptionPut.obj
C:\Users\b033217\NoBackupData\BG_WORKSPACE\PROD_CCG_V2.1_27032013\HE_Asset\Debug\Portfolio.obj
C:\Users\b033217\NoBackupData\BG_WORKSPACE\PROD_CCG_V2.1_27032013\HE_Asset\Debug\Swap.obj
C:\Users\b033217\NoBackupData\BG_WORKSPACE\PROD_CCG_V2.1_27032013\HE_Asset\Debug\SwapRate.obj
C:\Users\b033217\NoBackupData\BG_WORKSPACE\PROD_CCG_V2.1_27032013\HE_Asset\Debug\cl.command.1.tlog
C:\Users\b033217\NoBackupData\BG_WORKSPACE\PROD_CCG_V2.1_27032013\HE_Asset\Debug\CL.read.1.tlog
C:\Users\b033217\NoBackupData\BG_WORKSPACE\PROD_CCG_V2.1_27032013\HE_Asset\Debug\CL.write.1.tlog
C:\Users\b033217\NoBackupData\BG_WORKSPACE\PROD_CCG_V2.1_27032013\HE_Asset\Debug\Lib-link.read.1.tlog
C:\Users\b033217\NoBackupData\BG_WORKSPACE\PROD_CCG_V2.1_27032013\HE_Asset\Debug\Lib-link.write.1.tlog
C:\Users\b033217\NoBackupData\BG_WORKSPACE\PROD_CCG_V2.1_27032013\HE_Asset\Debug\lib.command.1.tlog
C:\Users\b033217\NoBackupData\BG_WORKSPACE\PROD_CCG_V2.1_27032013\HE_Asset\Debug\vc110.idb
C:\Users\b033217\NoBackupData\BG_WORKSPACE\PROD_CCG_V2.1_27032013\HE_Asset\Debug\vc110.pdb
C:\Users\b033217\NoBackupData\BG_WORKSPACE\PROD_CCG_V2.1_27032013\Debug\HE_Asset.lib
