C:\USERS\B029735\NOBACKUPDATA\12_MONTHLY_PROCESS\PROD_CCG_V2.1_27032013\CALIBRATION\RELEASE\PROBAUTILITIES.OBJ
C:\USERS\B029735\NOBACKUPDATA\12_MONTHLY_PROCESS\PROD_CCG_V2.1_27032013\CALIBRATION\RELEASE\MATRICE.OBJ
C:\USERS\B029735\NOBACKUPDATA\12_MONTHLY_PROCESS\PROD_CCG_V2.1_27032013\CALIBRATION\RELEASE\LMNUMERICS.OBJ
C:\USERS\B029735\NOBACKUPDATA\12_MONTHLY_PROCESS\PROD_CCG_V2.1_27032013\CALIBRATION\RELEASE\INTERPOLATION.OBJ
C:\USERS\B029735\NOBACKUPDATA\12_MONTHLY_PROCESS\PROD_CCG_V2.1_27032013\CALIBRATION\RELEASE\INTERFACECALIBRATION.OBJ
C:\USERS\B029735\NOBACKUPDATA\12_MONTHLY_PROCESS\PROD_CCG_V2.1_27032013\CALIBRATION\RELEASE\G1ANALYTICS.OBJ
C:\USERS\B029735\NOBACKUPDATA\12_MONTHLY_PROCESS\PROD_CCG_V2.1_27032013\CALIBRATION\RELEASE\CALIBSWAPMARKET.OBJ
C:\USERS\B029735\NOBACKUPDATA\12_MONTHLY_PROCESS\PROD_CCG_V2.1_27032013\CALIBRATION\RELEASE\CALIBRATION.OBJ
C:\USERS\B029735\NOBACKUPDATA\12_MONTHLY_PROCESS\PROD_CCG_V2.1_27032013\CALIBRATION\RELEASE\VC110.PDB
C:\USERS\B029735\NOBACKUPDATA\12_MONTHLY_PROCESS\PROD_CCG_V2.1_27032013\RELEASE\CALIBRATION(DLL).LIB
C:\Users\b029735\NoBackupData\12_MONTHLY_PROCESS\PROD_CCG_V2.1_27032013\Calibration\Release\Calibration.obj
C:\Users\b029735\NoBackupData\12_MONTHLY_PROCESS\PROD_CCG_V2.1_27032013\Calibration\Release\CalibSwapMarket.obj
C:\Users\b029735\NoBackupData\12_MONTHLY_PROCESS\PROD_CCG_V2.1_27032013\Calibration\Release\G1analytics.obj
C:\Users\b029735\NoBackupData\12_MONTHLY_PROCESS\PROD_CCG_V2.1_27032013\Calibration\Release\InterfaceCalibration.obj
C:\Users\b029735\NoBackupData\12_MONTHLY_PROCESS\PROD_CCG_V2.1_27032013\Calibration\Release\Interpolation.obj
C:\Users\b029735\NoBackupData\12_MONTHLY_PROCESS\PROD_CCG_V2.1_27032013\Calibration\Release\LMnumerics.obj
C:\Users\b029735\NoBackupData\12_MONTHLY_PROCESS\PROD_CCG_V2.1_27032013\Calibration\Release\Matrice.obj
C:\Users\b029735\NoBackupData\12_MONTHLY_PROCESS\PROD_CCG_V2.1_27032013\Calibration\Release\ProbaUtilities.obj
C:\Users\b029735\NoBackupData\12_MONTHLY_PROCESS\PROD_CCG_V2.1_27032013\Calibration\Release\cl.command.1.tlog
C:\Users\b029735\NoBackupData\12_MONTHLY_PROCESS\PROD_CCG_V2.1_27032013\Calibration\Release\CL.read.1.tlog
C:\Users\b029735\NoBackupData\12_MONTHLY_PROCESS\PROD_CCG_V2.1_27032013\Calibration\Release\CL.write.1.tlog
C:\Users\b029735\NoBackupData\12_MONTHLY_PROCESS\PROD_CCG_V2.1_27032013\Calibration\Release\Lib-link.read.1.tlog
C:\Users\b029735\NoBackupData\12_MONTHLY_PROCESS\PROD_CCG_V2.1_27032013\Calibration\Release\Lib-link.write.1.tlog
C:\Users\b029735\NoBackupData\12_MONTHLY_PROCESS\PROD_CCG_V2.1_27032013\Calibration\Release\lib.command.1.tlog
C:\Users\b029735\NoBackupData\12_MONTHLY_PROCESS\PROD_CCG_V2.1_27032013\Calibration\Release\vc110.pdb
C:\Users\b029735\NoBackupData\12_MONTHLY_PROCESS\PROD_CCG_V2.1_27032013\Release\Calibration(dll).lib
