Build started 28.09.2015 11:04:27.
     1>Project "C:\Users\b029735\NoBackupData\25_PROJECT_2015\MERGE_NEW_ESG_CODE\PROD_CCG_V2.1_27032013\Calibration\Calibration.vcxproj" on node 2 (Build target(s)).
     1>ClCompile:
         C:\Program Files\Microsoft Visual Studio 11.0\VC\bin\CL.exe /c /IC:\Users\b029735\NoBackupData\25_PROJECT_2015\MERGE_NEW_ESG_CODE\PROD_CCG_V2.1_27032013\AHS_PARSER\ /Zi /nologo /W4 /WX- /O2 /Oi /Oy- /GL /D WIN32 /D NDEBUG /D _WINDOWS /D _USRDLL /D AHS_CALIBRATION_EXPORTS /D _UNICODE /D UNICODE /Gm- /EHsc /MT /GS /Gy /fp:precise /Zc:wchar_t /Zc:forScope /Fo"Release\\" /Fd"Release\vc110.pdb" /Gd /TP /analyze- /errorReport:prompt Calibration.cpp CalibSwapMarket.cpp G1analytics.cpp InterfaceCalibration.cpp Interpolation.cpp LMnumerics.cpp Matrice.cpp ProbaUtilities.cpp
         Calibration.cpp
         CalibSwapMarket.cpp
         G1analytics.cpp
         InterfaceCalibration.cpp
     1>C:\Users\b029735\NoBackupData\25_PROJECT_2015\MERGE_NEW_ESG_CODE\PROD_CCG_V2.1_27032013\AHS_PARSER\WildcardManager.h(48): warning C4512: 'WildcardManager' : assignment operator could not be generated
                 C:\Users\b029735\NoBackupData\25_PROJECT_2015\MERGE_NEW_ESG_CODE\PROD_CCG_V2.1_27032013\AHS_PARSER\WildcardManager.h(11) : see declaration of 'WildcardManager'
     1>InterfaceCalibration.cpp(144): warning C4239: nonstandard extension used : 'argument' : conversion from 'std::string' to 'std::string &'
                 A non-const reference may only be bound to an lvalue
     1>InterfaceCalibration.cpp(264): warning C4239: nonstandard extension used : 'argument' : conversion from 'std::string' to 'std::string &'
                 A non-const reference may only be bound to an lvalue
         Interpolation.cpp
         LMnumerics.cpp
         Matrice.cpp
         ProbaUtilities.cpp
       Lib:
         C:\Program Files\Microsoft Visual Studio 11.0\VC\bin\Lib.exe /OUT:"C:\Users\b029735\NoBackupData\25_PROJECT_2015\MERGE_NEW_ESG_CODE\PROD_CCG_V2.1_27032013\Release\Calibration(dll).lib" /NOLOGO /LTCG Release\Calibration.obj
         Release\CalibSwapMarket.obj
         Release\G1analytics.obj
         Release\InterfaceCalibration.obj
         Release\Interpolation.obj
         Release\LMnumerics.obj
         Release\Matrice.obj
         Release\ProbaUtilities.obj
         Calibration.vcxproj -> C:\Users\b029735\NoBackupData\25_PROJECT_2015\MERGE_NEW_ESG_CODE\PROD_CCG_V2.1_27032013\Release\Calibration(dll).lib
     1>Done Building Project "C:\Users\b029735\NoBackupData\25_PROJECT_2015\MERGE_NEW_ESG_CODE\PROD_CCG_V2.1_27032013\Calibration\Calibration.vcxproj" (Build target(s)).

Build succeeded.

Time Elapsed 00:00:04.63
