C:\USERS\B033217\NOBACKUPDATA\BG_WORKSPACE\PROD_CCG_V2.1_27032013\PRICER_DLL_EXECUTABLE\DEBUG\PRICER_DLL_EXECUTABLE.OBJ
C:\USERS\B033217\NOBACKUPDATA\BG_WORKSPACE\PROD_CCG_V2.1_27032013\PRICER_DLL_EXECUTABLE\DEBUG\VC110.PDB
C:\USERS\B033217\NOBACKUPDATA\BG_WORKSPACE\PROD_CCG_V2.1_27032013\DEBUG\PRICER_DLL_EXECUTABLE.EXE
C:\USERS\B033217\NOBACKUPDATA\BG_WORKSPACE\PROD_CCG_V2.1_27032013\DEBUG\PRICER_DLL_EXECUTABLE.PDB
C:\Users\b033217\NoBackupData\BG_WORKSPACE\PROD_CCG_V2.1_27032013\PRICER_DLL_EXECUTABLE\Debug\Pricer_DLL_executable.obj
C:\Users\b033217\NoBackupData\BG_WORKSPACE\PROD_CCG_V2.1_27032013\PRICER_DLL_EXECUTABLE\Debug\cl.command.1.tlog
C:\Users\b033217\NoBackupData\BG_WORKSPACE\PROD_CCG_V2.1_27032013\PRICER_DLL_EXECUTABLE\Debug\CL.read.1.tlog
C:\Users\b033217\NoBackupData\BG_WORKSPACE\PROD_CCG_V2.1_27032013\PRICER_DLL_EXECUTABLE\Debug\CL.write.1.tlog
C:\Users\b033217\NoBackupData\BG_WORKSPACE\PROD_CCG_V2.1_27032013\PRICER_DLL_EXECUTABLE\Debug\link-cvtres.read.1.tlog
C:\Users\b033217\NoBackupData\BG_WORKSPACE\PROD_CCG_V2.1_27032013\PRICER_DLL_EXECUTABLE\Debug\link-cvtres.write.1.tlog
C:\Users\b033217\NoBackupData\BG_WORKSPACE\PROD_CCG_V2.1_27032013\PRICER_DLL_EXECUTABLE\Debug\link-mt.read.1.tlog
C:\Users\b033217\NoBackupData\BG_WORKSPACE\PROD_CCG_V2.1_27032013\PRICER_DLL_EXECUTABLE\Debug\link-mt.write.1.tlog
C:\Users\b033217\NoBackupData\BG_WORKSPACE\PROD_CCG_V2.1_27032013\PRICER_DLL_EXECUTABLE\Debug\link-rc.read.1.tlog
C:\Users\b033217\NoBackupData\BG_WORKSPACE\PROD_CCG_V2.1_27032013\PRICER_DLL_EXECUTABLE\Debug\link-rc.write.1.tlog
C:\Users\b033217\NoBackupData\BG_WORKSPACE\PROD_CCG_V2.1_27032013\PRICER_DLL_EXECUTABLE\Debug\link.command.1.tlog
C:\Users\b033217\NoBackupData\BG_WORKSPACE\PROD_CCG_V2.1_27032013\PRICER_DLL_EXECUTABLE\Debug\link.read.1.tlog
C:\Users\b033217\NoBackupData\BG_WORKSPACE\PROD_CCG_V2.1_27032013\PRICER_DLL_EXECUTABLE\Debug\link.write.1.tlog
C:\Users\b033217\NoBackupData\BG_WORKSPACE\PROD_CCG_V2.1_27032013\PRICER_DLL_EXECUTABLE\Debug\vc110.pdb
C:\Users\b033217\NoBackupData\BG_WORKSPACE\PROD_CCG_V2.1_27032013\Debug\PRICER_DLL_EXECUTABLE.pdb
C:\Users\b033217\NoBackupData\BG_WORKSPACE\PROD_CCG_V2.1_27032013\Debug\PRICER_DLL_EXECUTABLE.exe
